The system is: Linux - 6.1.12-arch1-1 - x86_64
Compiling the C compiler identification source file "CMakeCCompilerId.c" succeeded.
Compiler: /bin/clang 
Build flags: 
Id flags:  

The output was:
0


Compilation of the C compiler identification source "CMakeCCompilerId.c" produced "a.out"

The C compiler identification is Clang, found in "/home/ivan/Workspace/3DEngine/build/CMakeFiles/3.25.2/CompilerIdC/a.out"

Compiling the CXX compiler identification source file "CMakeCXXCompilerId.cpp" succeeded.
Compiler: /bin/clang++ 
Build flags: 
Id flags:  

The output was:
0


Compilation of the CXX compiler identification source "CMakeCXXCompilerId.cpp" produced "a.out"

The CXX compiler identification is Clang, found in "/home/ivan/Workspace/3DEngine/build/CMakeFiles/3.25.2/CompilerIdCXX/a.out"

Detecting C compiler ABI info compiled with the following output:
Change Dir: /home/ivan/Workspace/3DEngine/build/CMakeFiles/CMakeScratch/TryCompile-SwQRuA

Run Build Command(s):/bin/ninja cmTC_8e671 && [1/2] Building C object CMakeFiles/cmTC_8e671.dir/CMakeCCompilerABI.c.o
clang version 15.0.7
Target: x86_64-pc-linux-gnu
Thread model: posix
InstalledDir: /bin
Found candidate GCC installation: /bin/../lib/gcc/x86_64-pc-linux-gnu/12.2.1
Found candidate GCC installation: /bin/../lib64/gcc/x86_64-pc-linux-gnu/12.2.1
Selected GCC installation: /bin/../lib64/gcc/x86_64-pc-linux-gnu/12.2.1
Candidate multilib: .;@m64
Candidate multilib: 32;@m32
Selected multilib: .;@m64
 (in-process)
 "/usr/bin/clang-15" -cc1 -triple x86_64-pc-linux-gnu -emit-obj -mrelax-all --mrelax-relocations -disable-free -clear-ast-before-backend -disable-llvm-verifier -discard-value-names -main-file-name CMakeCCompilerABI.c -mrelocation-model pic -pic-level 2 -pic-is-pie -mframe-pointer=all -fmath-errno -ffp-contract=on -fno-rounding-math -mconstructor-aliases -funwind-tables=2 -target-cpu x86-64 -tune-cpu generic -mllvm -treat-scalable-fixed-error-as-warning -debugger-tuning=gdb -v -fcoverage-compilation-dir=/home/ivan/Workspace/3DEngine/build/CMakeFiles/CMakeScratch/TryCompile-SwQRuA -resource-dir /usr/lib/clang/15.0.7 -dependency-file CMakeFiles/cmTC_8e671.dir/CMakeCCompilerABI.c.o.d -MT CMakeFiles/cmTC_8e671.dir/CMakeCCompilerABI.c.o -sys-header-deps -internal-isystem /usr/lib/clang/15.0.7/include -internal-isystem /usr/local/include -internal-isystem /bin/../lib64/gcc/x86_64-pc-linux-gnu/12.2.1/../../../../x86_64-pc-linux-gnu/include -internal-externc-isystem /include -internal-externc-isystem /usr/include -fdebug-compilation-dir=/home/ivan/Workspace/3DEngine/build/CMakeFiles/CMakeScratch/TryCompile-SwQRuA -ferror-limit 19 -stack-protector 2 -fgnuc-version=4.2.1 -faddrsig -D__GCC_HAVE_DWARF2_CFI_ASM=1 -o CMakeFiles/cmTC_8e671.dir/CMakeCCompilerABI.c.o -x c /usr/share/cmake/Modules/CMakeCCompilerABI.c
clang -cc1 version 15.0.7 based upon LLVM 15.0.7 default target x86_64-pc-linux-gnu
ignoring nonexistent directory "/bin/../lib64/gcc/x86_64-pc-linux-gnu/12.2.1/../../../../x86_64-pc-linux-gnu/include"
ignoring nonexistent directory "/include"
#include "..." search starts here:
#include <...> search starts here:
 /usr/lib/clang/15.0.7/include
 /usr/local/include
 /usr/include
End of search list.
[2/2] Linking C executable cmTC_8e671
clang version 15.0.7
Target: x86_64-pc-linux-gnu
Thread model: posix
InstalledDir: /bin
Found candidate GCC installation: /bin/../lib/gcc/x86_64-pc-linux-gnu/12.2.1
Found candidate GCC installation: /bin/../lib64/gcc/x86_64-pc-linux-gnu/12.2.1
Selected GCC installation: /bin/../lib64/gcc/x86_64-pc-linux-gnu/12.2.1
Candidate multilib: .;@m64
Candidate multilib: 32;@m32
Selected multilib: .;@m64
 "/bin/ld" -pie --build-id --eh-frame-hdr -m elf_x86_64 -dynamic-linker /lib64/ld-linux-x86-64.so.2 -o cmTC_8e671 /bin/../lib64/gcc/x86_64-pc-linux-gnu/12.2.1/../../../../lib64/Scrt1.o /bin/../lib64/gcc/x86_64-pc-linux-gnu/12.2.1/../../../../lib64/crti.o /bin/../lib64/gcc/x86_64-pc-linux-gnu/12.2.1/crtbeginS.o -L/bin/../lib64/gcc/x86_64-pc-linux-gnu/12.2.1 -L/bin/../lib64/gcc/x86_64-pc-linux-gnu/12.2.1/../../../../lib64 -L/lib/../lib64 -L/usr/lib/../lib64 -L/lib -L/usr/lib CMakeFiles/cmTC_8e671.dir/CMakeCCompilerABI.c.o -lgcc --as-needed -lgcc_s --no-as-needed -lc -lgcc --as-needed -lgcc_s --no-as-needed /bin/../lib64/gcc/x86_64-pc-linux-gnu/12.2.1/crtendS.o /bin/../lib64/gcc/x86_64-pc-linux-gnu/12.2.1/../../../../lib64/crtn.o



Parsed C implicit include dir info from above output: rv=done
  found start of include info
  found start of implicit include info
    add: [/usr/lib/clang/15.0.7/include]
    add: [/usr/local/include]
    add: [/usr/include]
  end of search list found
  collapse include dir [/usr/lib/clang/15.0.7/include] ==> [/usr/lib/clang/15.0.7/include]
  collapse include dir [/usr/local/include] ==> [/usr/local/include]
  collapse include dir [/usr/include] ==> [/usr/include]
  implicit include dirs: [/usr/lib/clang/15.0.7/include;/usr/local/include;/usr/include]


Parsed C implicit link information from above output:
  link line regex: [^( *|.*[/\])(ld|CMAKE_LINK_STARTFILE-NOTFOUND|([^/\]+-)?ld|collect2)[^/\]*( |$)]
  ignore line: [Change Dir: /home/ivan/Workspace/3DEngine/build/CMakeFiles/CMakeScratch/TryCompile-SwQRuA]
  ignore line: []
  ignore line: [Run Build Command(s):/bin/ninja cmTC_8e671 && [1/2] Building C object CMakeFiles/cmTC_8e671.dir/CMakeCCompilerABI.c.o]
  ignore line: [clang version 15.0.7]
  ignore line: [Target: x86_64-pc-linux-gnu]
  ignore line: [Thread model: posix]
  ignore line: [InstalledDir: /bin]
  ignore line: [Found candidate GCC installation: /bin/../lib/gcc/x86_64-pc-linux-gnu/12.2.1]
  ignore line: [Found candidate GCC installation: /bin/../lib64/gcc/x86_64-pc-linux-gnu/12.2.1]
  ignore line: [Selected GCC installation: /bin/../lib64/gcc/x86_64-pc-linux-gnu/12.2.1]
  ignore line: [Candidate multilib: .]
  ignore line: [@m64]
  ignore line: [Candidate multilib: 32]
  ignore line: [@m32]
  ignore line: [Selected multilib: .]
  ignore line: [@m64]
  ignore line: [ (in-process)]
  ignore line: [ "/usr/bin/clang-15" -cc1 -triple x86_64-pc-linux-gnu -emit-obj -mrelax-all --mrelax-relocations -disable-free -clear-ast-before-backend -disable-llvm-verifier -discard-value-names -main-file-name CMakeCCompilerABI.c -mrelocation-model pic -pic-level 2 -pic-is-pie -mframe-pointer=all -fmath-errno -ffp-contract=on -fno-rounding-math -mconstructor-aliases -funwind-tables=2 -target-cpu x86-64 -tune-cpu generic -mllvm -treat-scalable-fixed-error-as-warning -debugger-tuning=gdb -v -fcoverage-compilation-dir=/home/ivan/Workspace/3DEngine/build/CMakeFiles/CMakeScratch/TryCompile-SwQRuA -resource-dir /usr/lib/clang/15.0.7 -dependency-file CMakeFiles/cmTC_8e671.dir/CMakeCCompilerABI.c.o.d -MT CMakeFiles/cmTC_8e671.dir/CMakeCCompilerABI.c.o -sys-header-deps -internal-isystem /usr/lib/clang/15.0.7/include -internal-isystem /usr/local/include -internal-isystem /bin/../lib64/gcc/x86_64-pc-linux-gnu/12.2.1/../../../../x86_64-pc-linux-gnu/include -internal-externc-isystem /include -internal-externc-isystem /usr/include -fdebug-compilation-dir=/home/ivan/Workspace/3DEngine/build/CMakeFiles/CMakeScratch/TryCompile-SwQRuA -ferror-limit 19 -stack-protector 2 -fgnuc-version=4.2.1 -faddrsig -D__GCC_HAVE_DWARF2_CFI_ASM=1 -o CMakeFiles/cmTC_8e671.dir/CMakeCCompilerABI.c.o -x c /usr/share/cmake/Modules/CMakeCCompilerABI.c]
  ignore line: [clang -cc1 version 15.0.7 based upon LLVM 15.0.7 default target x86_64-pc-linux-gnu]
  ignore line: [ignoring nonexistent directory "/bin/../lib64/gcc/x86_64-pc-linux-gnu/12.2.1/../../../../x86_64-pc-linux-gnu/include"]
  ignore line: [ignoring nonexistent directory "/include"]
  ignore line: [#include "..." search starts here:]
  ignore line: [#include <...> search starts here:]
  ignore line: [ /usr/lib/clang/15.0.7/include]
  ignore line: [ /usr/local/include]
  ignore line: [ /usr/include]
  ignore line: [End of search list.]
  ignore line: [[2/2] Linking C executable cmTC_8e671]
  ignore line: [clang version 15.0.7]
  ignore line: [Target: x86_64-pc-linux-gnu]
  ignore line: [Thread model: posix]
  ignore line: [InstalledDir: /bin]
  ignore line: [Found candidate GCC installation: /bin/../lib/gcc/x86_64-pc-linux-gnu/12.2.1]
  ignore line: [Found candidate GCC installation: /bin/../lib64/gcc/x86_64-pc-linux-gnu/12.2.1]
  ignore line: [Selected GCC installation: /bin/../lib64/gcc/x86_64-pc-linux-gnu/12.2.1]
  ignore line: [Candidate multilib: .]
  ignore line: [@m64]
  ignore line: [Candidate multilib: 32]
  ignore line: [@m32]
  ignore line: [Selected multilib: .]
  ignore line: [@m64]
  link line: [ "/bin/ld" -pie --build-id --eh-frame-hdr -m elf_x86_64 -dynamic-linker /lib64/ld-linux-x86-64.so.2 -o cmTC_8e671 /bin/../lib64/gcc/x86_64-pc-linux-gnu/12.2.1/../../../../lib64/Scrt1.o /bin/../lib64/gcc/x86_64-pc-linux-gnu/12.2.1/../../../../lib64/crti.o /bin/../lib64/gcc/x86_64-pc-linux-gnu/12.2.1/crtbeginS.o -L/bin/../lib64/gcc/x86_64-pc-linux-gnu/12.2.1 -L/bin/../lib64/gcc/x86_64-pc-linux-gnu/12.2.1/../../../../lib64 -L/lib/../lib64 -L/usr/lib/../lib64 -L/lib -L/usr/lib CMakeFiles/cmTC_8e671.dir/CMakeCCompilerABI.c.o -lgcc --as-needed -lgcc_s --no-as-needed -lc -lgcc --as-needed -lgcc_s --no-as-needed /bin/../lib64/gcc/x86_64-pc-linux-gnu/12.2.1/crtendS.o /bin/../lib64/gcc/x86_64-pc-linux-gnu/12.2.1/../../../../lib64/crtn.o]
    arg [/bin/ld] ==> ignore
    arg [-pie] ==> ignore
    arg [--build-id] ==> ignore
    arg [--eh-frame-hdr] ==> ignore
    arg [-m] ==> ignore
    arg [elf_x86_64] ==> ignore
    arg [-dynamic-linker] ==> ignore
    arg [/lib64/ld-linux-x86-64.so.2] ==> ignore
    arg [-o] ==> ignore
    arg [cmTC_8e671] ==> ignore
    arg [/bin/../lib64/gcc/x86_64-pc-linux-gnu/12.2.1/../../../../lib64/Scrt1.o] ==> obj [/bin/../lib64/gcc/x86_64-pc-linux-gnu/12.2.1/../../../../lib64/Scrt1.o]
    arg [/bin/../lib64/gcc/x86_64-pc-linux-gnu/12.2.1/../../../../lib64/crti.o] ==> obj [/bin/../lib64/gcc/x86_64-pc-linux-gnu/12.2.1/../../../../lib64/crti.o]
    arg [/bin/../lib64/gcc/x86_64-pc-linux-gnu/12.2.1/crtbeginS.o] ==> obj [/bin/../lib64/gcc/x86_64-pc-linux-gnu/12.2.1/crtbeginS.o]
    arg [-L/bin/../lib64/gcc/x86_64-pc-linux-gnu/12.2.1] ==> dir [/bin/../lib64/gcc/x86_64-pc-linux-gnu/12.2.1]
    arg [-L/bin/../lib64/gcc/x86_64-pc-linux-gnu/12.2.1/../../../../lib64] ==> dir [/bin/../lib64/gcc/x86_64-pc-linux-gnu/12.2.1/../../../../lib64]
    arg [-L/lib/../lib64] ==> dir [/lib/../lib64]
    arg [-L/usr/lib/../lib64] ==> dir [/usr/lib/../lib64]
    arg [-L/lib] ==> dir [/lib]
    arg [-L/usr/lib] ==> dir [/usr/lib]
    arg [CMakeFiles/cmTC_8e671.dir/CMakeCCompilerABI.c.o] ==> ignore
    arg [-lgcc] ==> lib [gcc]
    arg [--as-needed] ==> ignore
    arg [-lgcc_s] ==> lib [gcc_s]
    arg [--no-as-needed] ==> ignore
    arg [-lc] ==> lib [c]
    arg [-lgcc] ==> lib [gcc]
    arg [--as-needed] ==> ignore
    arg [-lgcc_s] ==> lib [gcc_s]
    arg [--no-as-needed] ==> ignore
    arg [/bin/../lib64/gcc/x86_64-pc-linux-gnu/12.2.1/crtendS.o] ==> obj [/bin/../lib64/gcc/x86_64-pc-linux-gnu/12.2.1/crtendS.o]
    arg [/bin/../lib64/gcc/x86_64-pc-linux-gnu/12.2.1/../../../../lib64/crtn.o] ==> obj [/bin/../lib64/gcc/x86_64-pc-linux-gnu/12.2.1/../../../../lib64/crtn.o]
  collapse obj [/bin/../lib64/gcc/x86_64-pc-linux-gnu/12.2.1/../../../../lib64/Scrt1.o] ==> [/lib64/Scrt1.o]
  collapse obj [/bin/../lib64/gcc/x86_64-pc-linux-gnu/12.2.1/../../../../lib64/crti.o] ==> [/lib64/crti.o]
  collapse obj [/bin/../lib64/gcc/x86_64-pc-linux-gnu/12.2.1/crtbeginS.o] ==> [/lib64/gcc/x86_64-pc-linux-gnu/12.2.1/crtbeginS.o]
  collapse obj [/bin/../lib64/gcc/x86_64-pc-linux-gnu/12.2.1/crtendS.o] ==> [/lib64/gcc/x86_64-pc-linux-gnu/12.2.1/crtendS.o]
  collapse obj [/bin/../lib64/gcc/x86_64-pc-linux-gnu/12.2.1/../../../../lib64/crtn.o] ==> [/lib64/crtn.o]
  collapse library dir [/bin/../lib64/gcc/x86_64-pc-linux-gnu/12.2.1] ==> [/lib64/gcc/x86_64-pc-linux-gnu/12.2.1]
  collapse library dir [/bin/../lib64/gcc/x86_64-pc-linux-gnu/12.2.1/../../../../lib64] ==> [/lib64]
  collapse library dir [/lib/../lib64] ==> [/lib64]
  collapse library dir [/usr/lib/../lib64] ==> [/usr/lib64]
  collapse library dir [/lib] ==> [/lib]
  collapse library dir [/usr/lib] ==> [/usr/lib]
  implicit libs: [gcc;gcc_s;c;gcc;gcc_s]
  implicit objs: [/lib64/Scrt1.o;/lib64/crti.o;/lib64/gcc/x86_64-pc-linux-gnu/12.2.1/crtbeginS.o;/lib64/gcc/x86_64-pc-linux-gnu/12.2.1/crtendS.o;/lib64/crtn.o]
  implicit dirs: [/lib64/gcc/x86_64-pc-linux-gnu/12.2.1;/lib64;/usr/lib64;/lib;/usr/lib]
  implicit fwks: []


Detecting CXX compiler ABI info compiled with the following output:
Change Dir: /home/ivan/Workspace/3DEngine/build/CMakeFiles/CMakeScratch/TryCompile-GQTacw

Run Build Command(s):/bin/ninja cmTC_59153 && [1/2] Building CXX object CMakeFiles/cmTC_59153.dir/CMakeCXXCompilerABI.cpp.o
clang version 15.0.7
Target: x86_64-pc-linux-gnu
Thread model: posix
InstalledDir: /bin
Found candidate GCC installation: /bin/../lib/gcc/x86_64-pc-linux-gnu/12.2.1
Found candidate GCC installation: /bin/../lib64/gcc/x86_64-pc-linux-gnu/12.2.1
Selected GCC installation: /bin/../lib64/gcc/x86_64-pc-linux-gnu/12.2.1
Candidate multilib: .;@m64
Candidate multilib: 32;@m32
Selected multilib: .;@m64
 (in-process)
 "/usr/bin/clang-15" -cc1 -triple x86_64-pc-linux-gnu -emit-obj -mrelax-all --mrelax-relocations -disable-free -clear-ast-before-backend -disable-llvm-verifier -discard-value-names -main-file-name CMakeCXXCompilerABI.cpp -mrelocation-model pic -pic-level 2 -pic-is-pie -mframe-pointer=all -fmath-errno -ffp-contract=on -fno-rounding-math -mconstructor-aliases -funwind-tables=2 -target-cpu x86-64 -tune-cpu generic -mllvm -treat-scalable-fixed-error-as-warning -debugger-tuning=gdb -v -fcoverage-compilation-dir=/home/ivan/Workspace/3DEngine/build/CMakeFiles/CMakeScratch/TryCompile-GQTacw -resource-dir /usr/lib/clang/15.0.7 -dependency-file CMakeFiles/cmTC_59153.dir/CMakeCXXCompilerABI.cpp.o.d -MT CMakeFiles/cmTC_59153.dir/CMakeCXXCompilerABI.cpp.o -sys-header-deps -internal-isystem /bin/../lib64/gcc/x86_64-pc-linux-gnu/12.2.1/../../../../include/c++/12.2.1 -internal-isystem /bin/../lib64/gcc/x86_64-pc-linux-gnu/12.2.1/../../../../include/c++/12.2.1/x86_64-pc-linux-gnu -internal-isystem /bin/../lib64/gcc/x86_64-pc-linux-gnu/12.2.1/../../../../include/c++/12.2.1/backward -internal-isystem /usr/lib/clang/15.0.7/include -internal-isystem /usr/local/include -internal-isystem /bin/../lib64/gcc/x86_64-pc-linux-gnu/12.2.1/../../../../x86_64-pc-linux-gnu/include -internal-externc-isystem /include -internal-externc-isystem /usr/include -fdeprecated-macro -fdebug-compilation-dir=/home/ivan/Workspace/3DEngine/build/CMakeFiles/CMakeScratch/TryCompile-GQTacw -ferror-limit 19 -stack-protector 2 -fgnuc-version=4.2.1 -fcxx-exceptions -fexceptions -faddrsig -D__GCC_HAVE_DWARF2_CFI_ASM=1 -o CMakeFiles/cmTC_59153.dir/CMakeCXXCompilerABI.cpp.o -x c++ /usr/share/cmake/Modules/CMakeCXXCompilerABI.cpp
clang -cc1 version 15.0.7 based upon LLVM 15.0.7 default target x86_64-pc-linux-gnu
ignoring nonexistent directory "/bin/../lib64/gcc/x86_64-pc-linux-gnu/12.2.1/../../../../x86_64-pc-linux-gnu/include"
ignoring nonexistent directory "/include"
#include "..." search starts here:
#include <...> search starts here:
 /bin/../lib64/gcc/x86_64-pc-linux-gnu/12.2.1/../../../../include/c++/12.2.1
 /bin/../lib64/gcc/x86_64-pc-linux-gnu/12.2.1/../../../../include/c++/12.2.1/x86_64-pc-linux-gnu
 /bin/../lib64/gcc/x86_64-pc-linux-gnu/12.2.1/../../../../include/c++/12.2.1/backward
 /usr/lib/clang/15.0.7/include
 /usr/local/include
 /usr/include
End of search list.
[2/2] Linking CXX executable cmTC_59153
clang version 15.0.7
Target: x86_64-pc-linux-gnu
Thread model: posix
InstalledDir: /bin
Found candidate GCC installation: /bin/../lib/gcc/x86_64-pc-linux-gnu/12.2.1
Found candidate GCC installation: /bin/../lib64/gcc/x86_64-pc-linux-gnu/12.2.1
Selected GCC installation: /bin/../lib64/gcc/x86_64-pc-linux-gnu/12.2.1
Candidate multilib: .;@m64
Candidate multilib: 32;@m32
Selected multilib: .;@m64
 "/bin/ld" -pie --build-id --eh-frame-hdr -m elf_x86_64 -dynamic-linker /lib64/ld-linux-x86-64.so.2 -o cmTC_59153 /bin/../lib64/gcc/x86_64-pc-linux-gnu/12.2.1/../../../../lib64/Scrt1.o /bin/../lib64/gcc/x86_64-pc-linux-gnu/12.2.1/../../../../lib64/crti.o /bin/../lib64/gcc/x86_64-pc-linux-gnu/12.2.1/crtbeginS.o -L/bin/../lib64/gcc/x86_64-pc-linux-gnu/12.2.1 -L/bin/../lib64/gcc/x86_64-pc-linux-gnu/12.2.1/../../../../lib64 -L/lib/../lib64 -L/usr/lib/../lib64 -L/lib -L/usr/lib CMakeFiles/cmTC_59153.dir/CMakeCXXCompilerABI.cpp.o -lstdc++ -lm -lgcc_s -lgcc -lc -lgcc_s -lgcc /bin/../lib64/gcc/x86_64-pc-linux-gnu/12.2.1/crtendS.o /bin/../lib64/gcc/x86_64-pc-linux-gnu/12.2.1/../../../../lib64/crtn.o



Parsed CXX implicit include dir info from above output: rv=done
  found start of include info
  found start of implicit include info
    add: [/bin/../lib64/gcc/x86_64-pc-linux-gnu/12.2.1/../../../../include/c++/12.2.1]
    add: [/bin/../lib64/gcc/x86_64-pc-linux-gnu/12.2.1/../../../../include/c++/12.2.1/x86_64-pc-linux-gnu]
    add: [/bin/../lib64/gcc/x86_64-pc-linux-gnu/12.2.1/../../../../include/c++/12.2.1/backward]
    add: [/usr/lib/clang/15.0.7/include]
    add: [/usr/local/include]
    add: [/usr/include]
  end of search list found
  collapse include dir [/bin/../lib64/gcc/x86_64-pc-linux-gnu/12.2.1/../../../../include/c++/12.2.1] ==> [/include/c++/12.2.1]
  collapse include dir [/bin/../lib64/gcc/x86_64-pc-linux-gnu/12.2.1/../../../../include/c++/12.2.1/x86_64-pc-linux-gnu] ==> [/include/c++/12.2.1/x86_64-pc-linux-gnu]
  collapse include dir [/bin/../lib64/gcc/x86_64-pc-linux-gnu/12.2.1/../../../../include/c++/12.2.1/backward] ==> [/include/c++/12.2.1/backward]
  collapse include dir [/usr/lib/clang/15.0.7/include] ==> [/usr/lib/clang/15.0.7/include]
  collapse include dir [/usr/local/include] ==> [/usr/local/include]
  collapse include dir [/usr/include] ==> [/usr/include]
  implicit include dirs: [/include/c++/12.2.1;/include/c++/12.2.1/x86_64-pc-linux-gnu;/include/c++/12.2.1/backward;/usr/lib/clang/15.0.7/include;/usr/local/include;/usr/include]


Parsed CXX implicit link information from above output:
  link line regex: [^( *|.*[/\])(ld|CMAKE_LINK_STARTFILE-NOTFOUND|([^/\]+-)?ld|collect2)[^/\]*( |$)]
  ignore line: [Change Dir: /home/ivan/Workspace/3DEngine/build/CMakeFiles/CMakeScratch/TryCompile-GQTacw]
  ignore line: []
  ignore line: [Run Build Command(s):/bin/ninja cmTC_59153 && [1/2] Building CXX object CMakeFiles/cmTC_59153.dir/CMakeCXXCompilerABI.cpp.o]
  ignore line: [clang version 15.0.7]
  ignore line: [Target: x86_64-pc-linux-gnu]
  ignore line: [Thread model: posix]
  ignore line: [InstalledDir: /bin]
  ignore line: [Found candidate GCC installation: /bin/../lib/gcc/x86_64-pc-linux-gnu/12.2.1]
  ignore line: [Found candidate GCC installation: /bin/../lib64/gcc/x86_64-pc-linux-gnu/12.2.1]
  ignore line: [Selected GCC installation: /bin/../lib64/gcc/x86_64-pc-linux-gnu/12.2.1]
  ignore line: [Candidate multilib: .]
  ignore line: [@m64]
  ignore line: [Candidate multilib: 32]
  ignore line: [@m32]
  ignore line: [Selected multilib: .]
  ignore line: [@m64]
  ignore line: [ (in-process)]
  ignore line: [ "/usr/bin/clang-15" -cc1 -triple x86_64-pc-linux-gnu -emit-obj -mrelax-all --mrelax-relocations -disable-free -clear-ast-before-backend -disable-llvm-verifier -discard-value-names -main-file-name CMakeCXXCompilerABI.cpp -mrelocation-model pic -pic-level 2 -pic-is-pie -mframe-pointer=all -fmath-errno -ffp-contract=on -fno-rounding-math -mconstructor-aliases -funwind-tables=2 -target-cpu x86-64 -tune-cpu generic -mllvm -treat-scalable-fixed-error-as-warning -debugger-tuning=gdb -v -fcoverage-compilation-dir=/home/ivan/Workspace/3DEngine/build/CMakeFiles/CMakeScratch/TryCompile-GQTacw -resource-dir /usr/lib/clang/15.0.7 -dependency-file CMakeFiles/cmTC_59153.dir/CMakeCXXCompilerABI.cpp.o.d -MT CMakeFiles/cmTC_59153.dir/CMakeCXXCompilerABI.cpp.o -sys-header-deps -internal-isystem /bin/../lib64/gcc/x86_64-pc-linux-gnu/12.2.1/../../../../include/c++/12.2.1 -internal-isystem /bin/../lib64/gcc/x86_64-pc-linux-gnu/12.2.1/../../../../include/c++/12.2.1/x86_64-pc-linux-gnu -internal-isystem /bin/../lib64/gcc/x86_64-pc-linux-gnu/12.2.1/../../../../include/c++/12.2.1/backward -internal-isystem /usr/lib/clang/15.0.7/include -internal-isystem /usr/local/include -internal-isystem /bin/../lib64/gcc/x86_64-pc-linux-gnu/12.2.1/../../../../x86_64-pc-linux-gnu/include -internal-externc-isystem /include -internal-externc-isystem /usr/include -fdeprecated-macro -fdebug-compilation-dir=/home/ivan/Workspace/3DEngine/build/CMakeFiles/CMakeScratch/TryCompile-GQTacw -ferror-limit 19 -stack-protector 2 -fgnuc-version=4.2.1 -fcxx-exceptions -fexceptions -faddrsig -D__GCC_HAVE_DWARF2_CFI_ASM=1 -o CMakeFiles/cmTC_59153.dir/CMakeCXXCompilerABI.cpp.o -x c++ /usr/share/cmake/Modules/CMakeCXXCompilerABI.cpp]
  ignore line: [clang -cc1 version 15.0.7 based upon LLVM 15.0.7 default target x86_64-pc-linux-gnu]
  ignore line: [ignoring nonexistent directory "/bin/../lib64/gcc/x86_64-pc-linux-gnu/12.2.1/../../../../x86_64-pc-linux-gnu/include"]
  ignore line: [ignoring nonexistent directory "/include"]
  ignore line: [#include "..." search starts here:]
  ignore line: [#include <...> search starts here:]
  ignore line: [ /bin/../lib64/gcc/x86_64-pc-linux-gnu/12.2.1/../../../../include/c++/12.2.1]
  ignore line: [ /bin/../lib64/gcc/x86_64-pc-linux-gnu/12.2.1/../../../../include/c++/12.2.1/x86_64-pc-linux-gnu]
  ignore line: [ /bin/../lib64/gcc/x86_64-pc-linux-gnu/12.2.1/../../../../include/c++/12.2.1/backward]
  ignore line: [ /usr/lib/clang/15.0.7/include]
  ignore line: [ /usr/local/include]
  ignore line: [ /usr/include]
  ignore line: [End of search list.]
  ignore line: [[2/2] Linking CXX executable cmTC_59153]
  ignore line: [clang version 15.0.7]
  ignore line: [Target: x86_64-pc-linux-gnu]
  ignore line: [Thread model: posix]
  ignore line: [InstalledDir: /bin]
  ignore line: [Found candidate GCC installation: /bin/../lib/gcc/x86_64-pc-linux-gnu/12.2.1]
  ignore line: [Found candidate GCC installation: /bin/../lib64/gcc/x86_64-pc-linux-gnu/12.2.1]
  ignore line: [Selected GCC installation: /bin/../lib64/gcc/x86_64-pc-linux-gnu/12.2.1]
  ignore line: [Candidate multilib: .]
  ignore line: [@m64]
  ignore line: [Candidate multilib: 32]
  ignore line: [@m32]
  ignore line: [Selected multilib: .]
  ignore line: [@m64]
  link line: [ "/bin/ld" -pie --build-id --eh-frame-hdr -m elf_x86_64 -dynamic-linker /lib64/ld-linux-x86-64.so.2 -o cmTC_59153 /bin/../lib64/gcc/x86_64-pc-linux-gnu/12.2.1/../../../../lib64/Scrt1.o /bin/../lib64/gcc/x86_64-pc-linux-gnu/12.2.1/../../../../lib64/crti.o /bin/../lib64/gcc/x86_64-pc-linux-gnu/12.2.1/crtbeginS.o -L/bin/../lib64/gcc/x86_64-pc-linux-gnu/12.2.1 -L/bin/../lib64/gcc/x86_64-pc-linux-gnu/12.2.1/../../../../lib64 -L/lib/../lib64 -L/usr/lib/../lib64 -L/lib -L/usr/lib CMakeFiles/cmTC_59153.dir/CMakeCXXCompilerABI.cpp.o -lstdc++ -lm -lgcc_s -lgcc -lc -lgcc_s -lgcc /bin/../lib64/gcc/x86_64-pc-linux-gnu/12.2.1/crtendS.o /bin/../lib64/gcc/x86_64-pc-linux-gnu/12.2.1/../../../../lib64/crtn.o]
    arg [/bin/ld] ==> ignore
    arg [-pie] ==> ignore
    arg [--build-id] ==> ignore
    arg [--eh-frame-hdr] ==> ignore
    arg [-m] ==> ignore
    arg [elf_x86_64] ==> ignore
    arg [-dynamic-linker] ==> ignore
    arg [/lib64/ld-linux-x86-64.so.2] ==> ignore
    arg [-o] ==> ignore
    arg [cmTC_59153] ==> ignore
    arg [/bin/../lib64/gcc/x86_64-pc-linux-gnu/12.2.1/../../../../lib64/Scrt1.o] ==> obj [/bin/../lib64/gcc/x86_64-pc-linux-gnu/12.2.1/../../../../lib64/Scrt1.o]
    arg [/bin/../lib64/gcc/x86_64-pc-linux-gnu/12.2.1/../../../../lib64/crti.o] ==> obj [/bin/../lib64/gcc/x86_64-pc-linux-gnu/12.2.1/../../../../lib64/crti.o]
    arg [/bin/../lib64/gcc/x86_64-pc-linux-gnu/12.2.1/crtbeginS.o] ==> obj [/bin/../lib64/gcc/x86_64-pc-linux-gnu/12.2.1/crtbeginS.o]
    arg [-L/bin/../lib64/gcc/x86_64-pc-linux-gnu/12.2.1] ==> dir [/bin/../lib64/gcc/x86_64-pc-linux-gnu/12.2.1]
    arg [-L/bin/../lib64/gcc/x86_64-pc-linux-gnu/12.2.1/../../../../lib64] ==> dir [/bin/../lib64/gcc/x86_64-pc-linux-gnu/12.2.1/../../../../lib64]
    arg [-L/lib/../lib64] ==> dir [/lib/../lib64]
    arg [-L/usr/lib/../lib64] ==> dir [/usr/lib/../lib64]
    arg [-L/lib] ==> dir [/lib]
    arg [-L/usr/lib] ==> dir [/usr/lib]
    arg [CMakeFiles/cmTC_59153.dir/CMakeCXXCompilerABI.cpp.o] ==> ignore
    arg [-lstdc++] ==> lib [stdc++]
    arg [-lm] ==> lib [m]
    arg [-lgcc_s] ==> lib [gcc_s]
    arg [-lgcc] ==> lib [gcc]
    arg [-lc] ==> lib [c]
    arg [-lgcc_s] ==> lib [gcc_s]
    arg [-lgcc] ==> lib [gcc]
    arg [/bin/../lib64/gcc/x86_64-pc-linux-gnu/12.2.1/crtendS.o] ==> obj [/bin/../lib64/gcc/x86_64-pc-linux-gnu/12.2.1/crtendS.o]
    arg [/bin/../lib64/gcc/x86_64-pc-linux-gnu/12.2.1/../../../../lib64/crtn.o] ==> obj [/bin/../lib64/gcc/x86_64-pc-linux-gnu/12.2.1/../../../../lib64/crtn.o]
  collapse obj [/bin/../lib64/gcc/x86_64-pc-linux-gnu/12.2.1/../../../../lib64/Scrt1.o] ==> [/lib64/Scrt1.o]
  collapse obj [/bin/../lib64/gcc/x86_64-pc-linux-gnu/12.2.1/../../../../lib64/crti.o] ==> [/lib64/crti.o]
  collapse obj [/bin/../lib64/gcc/x86_64-pc-linux-gnu/12.2.1/crtbeginS.o] ==> [/lib64/gcc/x86_64-pc-linux-gnu/12.2.1/crtbeginS.o]
  collapse obj [/bin/../lib64/gcc/x86_64-pc-linux-gnu/12.2.1/crtendS.o] ==> [/lib64/gcc/x86_64-pc-linux-gnu/12.2.1/crtendS.o]
  collapse obj [/bin/../lib64/gcc/x86_64-pc-linux-gnu/12.2.1/../../../../lib64/crtn.o] ==> [/lib64/crtn.o]
  collapse library dir [/bin/../lib64/gcc/x86_64-pc-linux-gnu/12.2.1] ==> [/lib64/gcc/x86_64-pc-linux-gnu/12.2.1]
  collapse library dir [/bin/../lib64/gcc/x86_64-pc-linux-gnu/12.2.1/../../../../lib64] ==> [/lib64]
  collapse library dir [/lib/../lib64] ==> [/lib64]
  collapse library dir [/usr/lib/../lib64] ==> [/usr/lib64]
  collapse library dir [/lib] ==> [/lib]
  collapse library dir [/usr/lib] ==> [/usr/lib]
  implicit libs: [stdc++;m;gcc_s;gcc;c;gcc_s;gcc]
  implicit objs: [/lib64/Scrt1.o;/lib64/crti.o;/lib64/gcc/x86_64-pc-linux-gnu/12.2.1/crtbeginS.o;/lib64/gcc/x86_64-pc-linux-gnu/12.2.1/crtendS.o;/lib64/crtn.o]
  implicit dirs: [/lib64/gcc/x86_64-pc-linux-gnu/12.2.1;/lib64;/usr/lib64;/lib;/usr/lib]
  implicit fwks: []


